2020-03-30 07:51:29.574  INFO 15760 --- [main] c.s.javadocjuveniles.Application         : Starting Application on WKS11918 with PID 15760 (C:\_development\switchfully\javadoc-juveniles\switchfully-DigiBooky\jar\target\classes started by Adrien.Helin in C:\_development\switchfully\javadoc-juveniles\switchfully-DigiBooky)
2020-03-30 07:51:29.583  INFO 15760 --- [main] c.s.javadocjuveniles.Application         : No active profile set, falling back to default profiles: default
2020-03-30 07:51:30.597  INFO 15760 --- [main] trationDelegate$BeanPostProcessorChecker : Bean 'org.springframework.security.config.annotation.configuration.ObjectPostProcessorConfiguration' of type [org.springframework.security.config.annotation.configuration.ObjectPostProcessorConfiguration] is not eligible for getting processed by all BeanPostProcessors (for example: not eligible for auto-proxying)
2020-03-30 07:51:30.601  INFO 15760 --- [main] trationDelegate$BeanPostProcessorChecker : Bean 'objectPostProcessor' of type [org.springframework.security.config.annotation.configuration.AutowireBeanFactoryObjectPostProcessor] is not eligible for getting processed by all BeanPostProcessors (for example: not eligible for auto-proxying)
2020-03-30 07:51:30.604  INFO 15760 --- [main] trationDelegate$BeanPostProcessorChecker : Bean 'org.springframework.security.access.expression.method.DefaultMethodSecurityExpressionHandler@524a076e' of type [org.springframework.security.access.expression.method.DefaultMethodSecurityExpressionHandler] is not eligible for getting processed by all BeanPostProcessors (for example: not eligible for auto-proxying)
2020-03-30 07:51:30.605  INFO 15760 --- [main] trationDelegate$BeanPostProcessorChecker : Bean 'org.springframework.security.config.annotation.method.configuration.GlobalMethodSecurityConfiguration' of type [org.springframework.security.config.annotation.method.configuration.GlobalMethodSecurityConfiguration] is not eligible for getting processed by all BeanPostProcessors (for example: not eligible for auto-proxying)
2020-03-30 07:51:30.609  INFO 15760 --- [main] trationDelegate$BeanPostProcessorChecker : Bean 'methodSecurityMetadataSource' of type [org.springframework.security.access.method.DelegatingMethodSecurityMetadataSource] is not eligible for getting processed by all BeanPostProcessors (for example: not eligible for auto-proxying)
2020-03-30 07:51:30.833  INFO 15760 --- [main] o.s.b.w.embedded.tomcat.TomcatWebServer  : Tomcat initialized with port(s): 8080 (http)
2020-03-30 07:51:30.842  INFO 15760 --- [main] o.apache.catalina.core.StandardService   : Starting service [Tomcat]
2020-03-30 07:51:30.843  INFO 15760 --- [main] org.apache.catalina.core.StandardEngine  : Starting Servlet engine: [Apache Tomcat/9.0.31]
2020-03-30 07:51:30.929  INFO 15760 --- [main] o.a.c.c.C.[Tomcat].[localhost].[/api]    : Initializing Spring embedded WebApplicationContext
2020-03-30 07:51:30.929  INFO 15760 --- [main] o.s.web.context.ContextLoader            : Root WebApplicationContext: initialization completed in 1302 ms
2020-03-30 07:51:31.268  INFO 15760 --- [main] pertySourcedRequestMappingHandlerMapping : Mapped URL path [/v2/api-docs] onto method [springfox.documentation.swagger2.web.Swagger2Controller#getDocumentation(String, HttpServletRequest)]
2020-03-30 07:51:31.413  INFO 15760 --- [main] o.s.s.web.DefaultSecurityFilterChain     : Creating filter chain: any request, [org.springframework.security.web.context.request.async.WebAsyncManagerIntegrationFilter@35e98af, org.springframework.security.web.context.SecurityContextPersistenceFilter@3d3a1903, org.springframework.security.web.header.HeaderWriterFilter@c2cf597, org.springframework.security.web.authentication.logout.LogoutFilter@110b7837, org.springframework.security.web.authentication.www.BasicAuthenticationFilter@79d7035, org.springframework.security.web.savedrequest.RequestCacheAwareFilter@153cb763, org.springframework.security.web.servletapi.SecurityContextHolderAwareRequestFilter@3a1b36a1, org.springframework.security.web.authentication.AnonymousAuthenticationFilter@781aff8b, org.springframework.security.web.session.SessionManagementFilter@27960b1e, org.springframework.security.web.access.ExceptionTranslationFilter@5e50df2e, org.springframework.security.web.access.intercept.FilterSecurityInterceptor@c4d2c44]
2020-03-30 07:51:31.465  INFO 15760 --- [main] o.s.s.concurrent.ThreadPoolTaskExecutor  : Initializing ExecutorService 'applicationTaskExecutor'
2020-03-30 07:51:31.587  INFO 15760 --- [main] d.s.w.p.DocumentationPluginsBootstrapper : Context refreshed
2020-03-30 07:51:31.597  INFO 15760 --- [main] d.s.w.p.DocumentationPluginsBootstrapper : Found 1 custom documentation plugin(s)
2020-03-30 07:51:31.624  INFO 15760 --- [main] s.d.s.w.s.ApiListingReferenceScanner     : Scanning for api listing references
2020-03-30 07:51:31.870  INFO 15760 --- [main] o.s.b.w.embedded.tomcat.TomcatWebServer  : Tomcat started on port(s): 8080 (http) with context path '/api'
2020-03-30 07:51:31.874  INFO 15760 --- [main] c.s.javadocjuveniles.Application         : Started Application in 2.667 seconds (JVM running for 3.407)
2020-03-30 07:51:52.228  INFO 15760 --- [http-nio-8080-exec-5] o.a.c.c.C.[Tomcat].[localhost].[/api]    : Initializing Spring DispatcherServlet 'dispatcherServlet'
2020-03-30 07:51:52.229  INFO 15760 --- [http-nio-8080-exec-5] o.s.web.servlet.DispatcherServlet        : Initializing Servlet 'dispatcherServlet'
2020-03-30 07:51:52.239  INFO 15760 --- [http-nio-8080-exec-5] o.s.web.servlet.DispatcherServlet        : Completed initialization in 9 ms
2020-03-30 07:53:04.860  INFO 15760 --- [http-nio-8080-exec-1] c.s.j.api.endpoints.BookController       : Returning all books
2020-03-30 07:53:16.345  INFO 15760 --- [http-nio-8080-exec-5] c.s.j.api.endpoints.BookController       : Returning all books
2020-03-30 07:53:21.511  INFO 15760 --- [http-nio-8080-exec-4] c.s.j.api.endpoints.MemberController     : Returning all members
2020-03-30 07:53:30.508  INFO 15760 --- [http-nio-8080-exec-7] c.s.j.api.endpoints.BookController       : Returning all books
2020-03-30 07:53:30.753  INFO 15760 --- [http-nio-8080-exec-8] c.s.j.api.endpoints.BookController       : Returning all books
2020-03-30 07:55:55.364  INFO 15760 --- [http-nio-8080-exec-3] c.s.j.api.endpoints.BookController       : Returning all books
2020-03-30 08:11:27.113  INFO 15760 --- [http-nio-8080-exec-6] c.s.j.api.endpoints.MemberController     : Returning all members
2020-03-30 08:29:53.092  INFO 14368 --- [main] c.s.javadocjuveniles.Application         : Starting Application on WKS11918 with PID 14368 (C:\_development\switchfully\javadoc-juveniles\switchfully-DigiBooky\jar\target\classes started by Adrien.Helin in C:\_development\switchfully\javadoc-juveniles\switchfully-DigiBooky)
2020-03-30 08:29:53.095  INFO 14368 --- [main] c.s.javadocjuveniles.Application         : No active profile set, falling back to default profiles: default
2020-03-30 08:29:53.905  INFO 14368 --- [main] trationDelegate$BeanPostProcessorChecker : Bean 'org.springframework.security.config.annotation.configuration.ObjectPostProcessorConfiguration' of type [org.springframework.security.config.annotation.configuration.ObjectPostProcessorConfiguration] is not eligible for getting processed by all BeanPostProcessors (for example: not eligible for auto-proxying)
2020-03-30 08:29:53.909  INFO 14368 --- [main] trationDelegate$BeanPostProcessorChecker : Bean 'objectPostProcessor' of type [org.springframework.security.config.annotation.configuration.AutowireBeanFactoryObjectPostProcessor] is not eligible for getting processed by all BeanPostProcessors (for example: not eligible for auto-proxying)
2020-03-30 08:29:53.911  INFO 14368 --- [main] trationDelegate$BeanPostProcessorChecker : Bean 'org.springframework.security.access.expression.method.DefaultMethodSecurityExpressionHandler@3ed7821' of type [org.springframework.security.access.expression.method.DefaultMethodSecurityExpressionHandler] is not eligible for getting processed by all BeanPostProcessors (for example: not eligible for auto-proxying)
2020-03-30 08:29:53.913  INFO 14368 --- [main] trationDelegate$BeanPostProcessorChecker : Bean 'org.springframework.security.config.annotation.method.configuration.GlobalMethodSecurityConfiguration' of type [org.springframework.security.config.annotation.method.configuration.GlobalMethodSecurityConfiguration] is not eligible for getting processed by all BeanPostProcessors (for example: not eligible for auto-proxying)
2020-03-30 08:29:53.915  INFO 14368 --- [main] trationDelegate$BeanPostProcessorChecker : Bean 'methodSecurityMetadataSource' of type [org.springframework.security.access.method.DelegatingMethodSecurityMetadataSource] is not eligible for getting processed by all BeanPostProcessors (for example: not eligible for auto-proxying)
2020-03-30 08:29:54.062  INFO 14368 --- [main] o.s.b.w.embedded.tomcat.TomcatWebServer  : Tomcat initialized with port(s): 8080 (http)
2020-03-30 08:29:54.068  INFO 14368 --- [main] o.apache.catalina.core.StandardService   : Starting service [Tomcat]
2020-03-30 08:29:54.068  INFO 14368 --- [main] org.apache.catalina.core.StandardEngine  : Starting Servlet engine: [Apache Tomcat/9.0.31]
2020-03-30 08:29:54.137  INFO 14368 --- [main] o.a.c.c.C.[Tomcat].[localhost].[/api]    : Initializing Spring embedded WebApplicationContext
2020-03-30 08:29:54.137  INFO 14368 --- [main] o.s.web.context.ContextLoader            : Root WebApplicationContext: initialization completed in 1008 ms
2020-03-30 08:29:54.465  INFO 14368 --- [main] pertySourcedRequestMappingHandlerMapping : Mapped URL path [/v2/api-docs] onto method [springfox.documentation.swagger2.web.Swagger2Controller#getDocumentation(String, HttpServletRequest)]
2020-03-30 08:29:54.590  INFO 14368 --- [main] o.s.s.web.DefaultSecurityFilterChain     : Creating filter chain: any request, [org.springframework.security.web.context.request.async.WebAsyncManagerIntegrationFilter@126f8f24, org.springframework.security.web.context.SecurityContextPersistenceFilter@643ba1ed, org.springframework.security.web.header.HeaderWriterFilter@37e0056e, org.springframework.security.web.authentication.logout.LogoutFilter@15e1f8fe, org.springframework.security.web.authentication.www.BasicAuthenticationFilter@457a5b2d, org.springframework.security.web.savedrequest.RequestCacheAwareFilter@26582ca, org.springframework.security.web.servletapi.SecurityContextHolderAwareRequestFilter@599a9cb2, org.springframework.security.web.authentication.AnonymousAuthenticationFilter@35e98af, org.springframework.security.web.session.SessionManagementFilter@1c046c92, org.springframework.security.web.access.ExceptionTranslationFilter@2199e845, org.springframework.security.web.access.intercept.FilterSecurityInterceptor@5a1dddba]
2020-03-30 08:29:54.656  INFO 14368 --- [main] o.s.s.concurrent.ThreadPoolTaskExecutor  : Initializing ExecutorService 'applicationTaskExecutor'
2020-03-30 08:29:54.757  INFO 14368 --- [main] d.s.w.p.DocumentationPluginsBootstrapper : Context refreshed
2020-03-30 08:29:54.765  INFO 14368 --- [main] d.s.w.p.DocumentationPluginsBootstrapper : Found 1 custom documentation plugin(s)
2020-03-30 08:29:54.789  INFO 14368 --- [main] s.d.s.w.s.ApiListingReferenceScanner     : Scanning for api listing references
2020-03-30 08:29:55.008  INFO 14368 --- [main] o.s.b.w.embedded.tomcat.TomcatWebServer  : Tomcat started on port(s): 8080 (http) with context path '/api'
2020-03-30 08:29:55.011  INFO 14368 --- [main] c.s.javadocjuveniles.Application         : Started Application in 2.197 seconds (JVM running for 2.727)
2020-03-30 08:29:58.717  INFO 14368 --- [http-nio-8080-exec-1] o.a.c.c.C.[Tomcat].[localhost].[/api]    : Initializing Spring DispatcherServlet 'dispatcherServlet'
2020-03-30 08:29:58.718  INFO 14368 --- [http-nio-8080-exec-1] o.s.web.servlet.DispatcherServlet        : Initializing Servlet 'dispatcherServlet'
2020-03-30 08:29:58.724  INFO 14368 --- [http-nio-8080-exec-1] o.s.web.servlet.DispatcherServlet        : Completed initialization in 5 ms
2020-03-30 08:32:48.314  INFO 6792 --- [main] c.s.javadocjuveniles.Application         : Starting Application on WKS11918 with PID 6792 (C:\_development\switchfully\javadoc-juveniles\switchfully-DigiBooky\jar\target\classes started by Adrien.Helin in C:\_development\switchfully\javadoc-juveniles\switchfully-DigiBooky)
2020-03-30 08:32:48.316  INFO 6792 --- [main] c.s.javadocjuveniles.Application         : No active profile set, falling back to default profiles: default
2020-03-30 08:32:49.040  INFO 6792 --- [main] trationDelegate$BeanPostProcessorChecker : Bean 'org.springframework.security.config.annotation.configuration.ObjectPostProcessorConfiguration' of type [org.springframework.security.config.annotation.configuration.ObjectPostProcessorConfiguration] is not eligible for getting processed by all BeanPostProcessors (for example: not eligible for auto-proxying)
2020-03-30 08:32:49.043  INFO 6792 --- [main] trationDelegate$BeanPostProcessorChecker : Bean 'objectPostProcessor' of type [org.springframework.security.config.annotation.configuration.AutowireBeanFactoryObjectPostProcessor] is not eligible for getting processed by all BeanPostProcessors (for example: not eligible for auto-proxying)
2020-03-30 08:32:49.045  INFO 6792 --- [main] trationDelegate$BeanPostProcessorChecker : Bean 'org.springframework.security.access.expression.method.DefaultMethodSecurityExpressionHandler@3c3a0032' of type [org.springframework.security.access.expression.method.DefaultMethodSecurityExpressionHandler] is not eligible for getting processed by all BeanPostProcessors (for example: not eligible for auto-proxying)
2020-03-30 08:32:49.046  INFO 6792 --- [main] trationDelegate$BeanPostProcessorChecker : Bean 'org.springframework.security.config.annotation.method.configuration.GlobalMethodSecurityConfiguration' of type [org.springframework.security.config.annotation.method.configuration.GlobalMethodSecurityConfiguration] is not eligible for getting processed by all BeanPostProcessors (for example: not eligible for auto-proxying)
2020-03-30 08:32:49.048  INFO 6792 --- [main] trationDelegate$BeanPostProcessorChecker : Bean 'methodSecurityMetadataSource' of type [org.springframework.security.access.method.DelegatingMethodSecurityMetadataSource] is not eligible for getting processed by all BeanPostProcessors (for example: not eligible for auto-proxying)
2020-03-30 08:32:49.179  INFO 6792 --- [main] o.s.b.w.embedded.tomcat.TomcatWebServer  : Tomcat initialized with port(s): 8080 (http)
2020-03-30 08:32:49.185  INFO 6792 --- [main] o.apache.catalina.core.StandardService   : Starting service [Tomcat]
2020-03-30 08:32:49.186  INFO 6792 --- [main] org.apache.catalina.core.StandardEngine  : Starting Servlet engine: [Apache Tomcat/9.0.31]
2020-03-30 08:32:49.240  INFO 6792 --- [main] o.a.c.c.C.[Tomcat].[localhost].[/api]    : Initializing Spring embedded WebApplicationContext
2020-03-30 08:32:49.240  INFO 6792 --- [main] o.s.web.context.ContextLoader            : Root WebApplicationContext: initialization completed in 892 ms
2020-03-30 08:32:49.495  INFO 6792 --- [main] pertySourcedRequestMappingHandlerMapping : Mapped URL path [/v2/api-docs] onto method [springfox.documentation.swagger2.web.Swagger2Controller#getDocumentation(String, HttpServletRequest)]
2020-03-30 08:32:49.580  INFO 6792 --- [main] o.s.s.web.DefaultSecurityFilterChain     : Creating filter chain: any request, [org.springframework.security.web.context.request.async.WebAsyncManagerIntegrationFilter@48cb2d73, org.springframework.security.web.context.SecurityContextPersistenceFilter@1f78d415, org.springframework.security.web.header.HeaderWriterFilter@798cb6d9, org.springframework.security.web.authentication.logout.LogoutFilter@51cab489, org.springframework.security.web.authentication.www.BasicAuthenticationFilter@62d40e31, org.springframework.security.web.savedrequest.RequestCacheAwareFilter@27960b1e, org.springframework.security.web.servletapi.SecurityContextHolderAwareRequestFilter@dbddbe3, org.springframework.security.web.authentication.AnonymousAuthenticationFilter@243bf087, org.springframework.security.web.session.SessionManagementFilter@587c5c1, org.springframework.security.web.access.ExceptionTranslationFilter@3375ebd3, org.springframework.security.web.access.intercept.FilterSecurityInterceptor@71a4f441]
2020-03-30 08:32:49.618  INFO 6792 --- [main] o.s.s.concurrent.ThreadPoolTaskExecutor  : Initializing ExecutorService 'applicationTaskExecutor'
2020-03-30 08:32:49.704  INFO 6792 --- [main] d.s.w.p.DocumentationPluginsBootstrapper : Context refreshed
2020-03-30 08:32:49.711  INFO 6792 --- [main] d.s.w.p.DocumentationPluginsBootstrapper : Found 1 custom documentation plugin(s)
2020-03-30 08:32:49.732  INFO 6792 --- [main] s.d.s.w.s.ApiListingReferenceScanner     : Scanning for api listing references
2020-03-30 08:32:49.925  INFO 6792 --- [main] o.s.b.w.embedded.tomcat.TomcatWebServer  : Tomcat started on port(s): 8080 (http) with context path '/api'
2020-03-30 08:32:49.927  INFO 6792 --- [main] c.s.javadocjuveniles.Application         : Started Application in 1.834 seconds (JVM running for 2.275)
2020-03-30 08:32:51.949  INFO 6792 --- [http-nio-8080-exec-1] o.a.c.c.C.[Tomcat].[localhost].[/api]    : Initializing Spring DispatcherServlet 'dispatcherServlet'
2020-03-30 08:32:51.950  INFO 6792 --- [http-nio-8080-exec-1] o.s.web.servlet.DispatcherServlet        : Initializing Servlet 'dispatcherServlet'
2020-03-30 08:32:51.955  INFO 6792 --- [http-nio-8080-exec-1] o.s.web.servlet.DispatcherServlet        : Completed initialization in 5 ms
2020-03-30 08:33:53.067  INFO 3036 --- [main] c.s.javadocjuveniles.Application         : Starting Application on WKS11918 with PID 3036 (C:\_development\switchfully\javadoc-juveniles\switchfully-DigiBooky\jar\target\classes started by Adrien.Helin in C:\_development\switchfully\javadoc-juveniles\switchfully-DigiBooky)
2020-03-30 08:33:53.069  INFO 3036 --- [main] c.s.javadocjuveniles.Application         : No active profile set, falling back to default profiles: default
2020-03-30 08:33:53.778  INFO 3036 --- [main] trationDelegate$BeanPostProcessorChecker : Bean 'org.springframework.security.config.annotation.configuration.ObjectPostProcessorConfiguration' of type [org.springframework.security.config.annotation.configuration.ObjectPostProcessorConfiguration] is not eligible for getting processed by all BeanPostProcessors (for example: not eligible for auto-proxying)
2020-03-30 08:33:53.781  INFO 3036 --- [main] trationDelegate$BeanPostProcessorChecker : Bean 'objectPostProcessor' of type [org.springframework.security.config.annotation.configuration.AutowireBeanFactoryObjectPostProcessor] is not eligible for getting processed by all BeanPostProcessors (for example: not eligible for auto-proxying)
2020-03-30 08:33:53.783  INFO 3036 --- [main] trationDelegate$BeanPostProcessorChecker : Bean 'org.springframework.security.access.expression.method.DefaultMethodSecurityExpressionHandler@77b919a3' of type [org.springframework.security.access.expression.method.DefaultMethodSecurityExpressionHandler] is not eligible for getting processed by all BeanPostProcessors (for example: not eligible for auto-proxying)
2020-03-30 08:33:53.784  INFO 3036 --- [main] trationDelegate$BeanPostProcessorChecker : Bean 'org.springframework.security.config.annotation.method.configuration.GlobalMethodSecurityConfiguration' of type [org.springframework.security.config.annotation.method.configuration.GlobalMethodSecurityConfiguration] is not eligible for getting processed by all BeanPostProcessors (for example: not eligible for auto-proxying)
2020-03-30 08:33:53.785  INFO 3036 --- [main] trationDelegate$BeanPostProcessorChecker : Bean 'methodSecurityMetadataSource' of type [org.springframework.security.access.method.DelegatingMethodSecurityMetadataSource] is not eligible for getting processed by all BeanPostProcessors (for example: not eligible for auto-proxying)
2020-03-30 08:33:53.921  INFO 3036 --- [main] o.s.b.w.embedded.tomcat.TomcatWebServer  : Tomcat initialized with port(s): 8080 (http)
2020-03-30 08:33:53.933  INFO 3036 --- [main] o.apache.catalina.core.StandardService   : Starting service [Tomcat]
2020-03-30 08:33:53.934  INFO 3036 --- [main] org.apache.catalina.core.StandardEngine  : Starting Servlet engine: [Apache Tomcat/9.0.31]
2020-03-30 08:33:53.987  INFO 3036 --- [main] o.a.c.c.C.[Tomcat].[localhost].[/api]    : Initializing Spring embedded WebApplicationContext
2020-03-30 08:33:53.987  INFO 3036 --- [main] o.s.web.context.ContextLoader            : Root WebApplicationContext: initialization completed in 893 ms
2020-03-30 08:33:54.243  INFO 3036 --- [main] pertySourcedRequestMappingHandlerMapping : Mapped URL path [/v2/api-docs] onto method [springfox.documentation.swagger2.web.Swagger2Controller#getDocumentation(String, HttpServletRequest)]
2020-03-30 08:33:54.332  INFO 3036 --- [main] o.s.s.web.DefaultSecurityFilterChain     : Creating filter chain: any request, [org.springframework.security.web.context.request.async.WebAsyncManagerIntegrationFilter@739831a4, org.springframework.security.web.context.SecurityContextPersistenceFilter@78d23d6a, org.springframework.security.web.header.HeaderWriterFilter@44f0ff2b, org.springframework.security.web.authentication.logout.LogoutFilter@4fa86cb8, org.springframework.security.web.authentication.www.BasicAuthenticationFilter@2db15f70, org.springframework.security.web.savedrequest.RequestCacheAwareFilter@28ee0a3c, org.springframework.security.web.servletapi.SecurityContextHolderAwareRequestFilter@7cf63b9a, org.springframework.security.web.authentication.AnonymousAuthenticationFilter@7e3236d, org.springframework.security.web.session.SessionManagementFilter@110b7837, org.springframework.security.web.access.ExceptionTranslationFilter@4bf03fee, org.springframework.security.web.access.intercept.FilterSecurityInterceptor@707865bd]
2020-03-30 08:33:54.371  INFO 3036 --- [main] o.s.s.concurrent.ThreadPoolTaskExecutor  : Initializing ExecutorService 'applicationTaskExecutor'
2020-03-30 08:33:54.472  INFO 3036 --- [main] d.s.w.p.DocumentationPluginsBootstrapper : Context refreshed
2020-03-30 08:33:54.479  INFO 3036 --- [main] d.s.w.p.DocumentationPluginsBootstrapper : Found 1 custom documentation plugin(s)
2020-03-30 08:33:54.503  INFO 3036 --- [main] s.d.s.w.s.ApiListingReferenceScanner     : Scanning for api listing references
2020-03-30 08:33:54.710  INFO 3036 --- [main] o.s.b.w.embedded.tomcat.TomcatWebServer  : Tomcat started on port(s): 8080 (http) with context path '/api'
2020-03-30 08:33:54.712  INFO 3036 --- [main] c.s.javadocjuveniles.Application         : Started Application in 1.874 seconds (JVM running for 2.315)
2020-03-30 08:33:56.477  INFO 3036 --- [http-nio-8080-exec-1] o.a.c.c.C.[Tomcat].[localhost].[/api]    : Initializing Spring DispatcherServlet 'dispatcherServlet'
2020-03-30 08:33:56.478  INFO 3036 --- [http-nio-8080-exec-1] o.s.web.servlet.DispatcherServlet        : Initializing Servlet 'dispatcherServlet'
2020-03-30 08:33:56.483  INFO 3036 --- [http-nio-8080-exec-1] o.s.web.servlet.DispatcherServlet        : Completed initialization in 5 ms
2020-03-30 09:11:25.243  INFO 15812 --- [main] c.s.javadocjuveniles.Application         : Starting Application on WKS11918 with PID 15812 (C:\_development\switchfully\javadoc-juveniles\switchfully-DigiBooky\jar\target\classes started by Adrien.Helin in C:\_development\switchfully\javadoc-juveniles\switchfully-DigiBooky)
2020-03-30 09:11:25.245  INFO 15812 --- [main] c.s.javadocjuveniles.Application         : No active profile set, falling back to default profiles: default
2020-03-30 09:11:26.131  INFO 15812 --- [main] trationDelegate$BeanPostProcessorChecker : Bean 'org.springframework.security.config.annotation.configuration.ObjectPostProcessorConfiguration' of type [org.springframework.security.config.annotation.configuration.ObjectPostProcessorConfiguration] is not eligible for getting processed by all BeanPostProcessors (for example: not eligible for auto-proxying)
2020-03-30 09:11:26.135  INFO 15812 --- [main] trationDelegate$BeanPostProcessorChecker : Bean 'objectPostProcessor' of type [org.springframework.security.config.annotation.configuration.AutowireBeanFactoryObjectPostProcessor] is not eligible for getting processed by all BeanPostProcessors (for example: not eligible for auto-proxying)
2020-03-30 09:11:26.137  INFO 15812 --- [main] trationDelegate$BeanPostProcessorChecker : Bean 'org.springframework.security.access.expression.method.DefaultMethodSecurityExpressionHandler@50850539' of type [org.springframework.security.access.expression.method.DefaultMethodSecurityExpressionHandler] is not eligible for getting processed by all BeanPostProcessors (for example: not eligible for auto-proxying)
2020-03-30 09:11:26.139  INFO 15812 --- [main] trationDelegate$BeanPostProcessorChecker : Bean 'org.springframework.security.config.annotation.method.configuration.GlobalMethodSecurityConfiguration' of type [org.springframework.security.config.annotation.method.configuration.GlobalMethodSecurityConfiguration] is not eligible for getting processed by all BeanPostProcessors (for example: not eligible for auto-proxying)
2020-03-30 09:11:26.141  INFO 15812 --- [main] trationDelegate$BeanPostProcessorChecker : Bean 'methodSecurityMetadataSource' of type [org.springframework.security.access.method.DelegatingMethodSecurityMetadataSource] is not eligible for getting processed by all BeanPostProcessors (for example: not eligible for auto-proxying)
2020-03-30 09:11:26.311  INFO 15812 --- [main] o.s.b.w.embedded.tomcat.TomcatWebServer  : Tomcat initialized with port(s): 8080 (http)
2020-03-30 09:11:26.319  INFO 15812 --- [main] o.apache.catalina.core.StandardService   : Starting service [Tomcat]
2020-03-30 09:11:26.320  INFO 15812 --- [main] org.apache.catalina.core.StandardEngine  : Starting Servlet engine: [Apache Tomcat/9.0.31]
2020-03-30 09:11:26.380  INFO 15812 --- [main] o.a.c.c.C.[Tomcat].[localhost].[/api]    : Initializing Spring embedded WebApplicationContext
2020-03-30 09:11:26.380  INFO 15812 --- [main] o.s.web.context.ContextLoader            : Root WebApplicationContext: initialization completed in 1101 ms
2020-03-30 09:11:26.739  INFO 15812 --- [main] pertySourcedRequestMappingHandlerMapping : Mapped URL path [/v2/api-docs] onto method [springfox.documentation.swagger2.web.Swagger2Controller#getDocumentation(String, HttpServletRequest)]
2020-03-30 09:11:26.843  INFO 15812 --- [main] o.s.s.web.DefaultSecurityFilterChain     : Creating filter chain: any request, [org.springframework.security.web.context.request.async.WebAsyncManagerIntegrationFilter@195113de, org.springframework.security.web.context.SecurityContextPersistenceFilter@773c2214, org.springframework.security.web.header.HeaderWriterFilter@256a0d95, org.springframework.security.web.authentication.logout.LogoutFilter@35cec305, org.springframework.security.web.authentication.www.BasicAuthenticationFilter@632b305d, org.springframework.security.web.savedrequest.RequestCacheAwareFilter@110b7837, org.springframework.security.web.servletapi.SecurityContextHolderAwareRequestFilter@4aebee4b, org.springframework.security.web.authentication.AnonymousAuthenticationFilter@3ebc955b, org.springframework.security.web.session.SessionManagementFilter@51cab489, org.springframework.security.web.access.ExceptionTranslationFilter@4b55ff0a, org.springframework.security.web.access.intercept.FilterSecurityInterceptor@7c11d32]
2020-03-30 09:11:26.892  INFO 15812 --- [main] o.s.s.concurrent.ThreadPoolTaskExecutor  : Initializing ExecutorService 'applicationTaskExecutor'
2020-03-30 09:11:27.013  INFO 15812 --- [main] d.s.w.p.DocumentationPluginsBootstrapper : Context refreshed
2020-03-30 09:11:27.022  INFO 15812 --- [main] d.s.w.p.DocumentationPluginsBootstrapper : Found 1 custom documentation plugin(s)
2020-03-30 09:11:27.048  INFO 15812 --- [main] s.d.s.w.s.ApiListingReferenceScanner     : Scanning for api listing references
2020-03-30 09:11:27.281  INFO 15812 --- [main] o.s.b.w.embedded.tomcat.TomcatWebServer  : Tomcat started on port(s): 8080 (http) with context path '/api'
2020-03-30 09:11:27.284  INFO 15812 --- [main] c.s.javadocjuveniles.Application         : Started Application in 2.296 seconds (JVM running for 2.825)
2020-03-30 09:11:29.677  INFO 15812 --- [http-nio-8080-exec-1] o.a.c.c.C.[Tomcat].[localhost].[/api]    : Initializing Spring DispatcherServlet 'dispatcherServlet'
2020-03-30 09:11:29.678  INFO 15812 --- [http-nio-8080-exec-1] o.s.web.servlet.DispatcherServlet        : Initializing Servlet 'dispatcherServlet'
2020-03-30 09:11:29.683  INFO 15812 --- [http-nio-8080-exec-1] o.s.web.servlet.DispatcherServlet        : Completed initialization in 4 ms
2020-03-30 09:42:19.174  INFO 7580 --- [main] c.s.javadocjuveniles.Application         : Starting Application on WKS11918 with PID 7580 (C:\_development\switchfully\javadoc-juveniles\switchfully-DigiBooky\jar\target\classes started by Adrien.Helin in C:\_development\switchfully\javadoc-juveniles\switchfully-DigiBooky)
2020-03-30 09:42:19.176  INFO 7580 --- [main] c.s.javadocjuveniles.Application         : No active profile set, falling back to default profiles: default
2020-03-30 09:42:20.312  INFO 7580 --- [main] trationDelegate$BeanPostProcessorChecker : Bean 'org.springframework.security.config.annotation.configuration.ObjectPostProcessorConfiguration' of type [org.springframework.security.config.annotation.configuration.ObjectPostProcessorConfiguration] is not eligible for getting processed by all BeanPostProcessors (for example: not eligible for auto-proxying)
2020-03-30 09:42:20.318  INFO 7580 --- [main] trationDelegate$BeanPostProcessorChecker : Bean 'objectPostProcessor' of type [org.springframework.security.config.annotation.configuration.AutowireBeanFactoryObjectPostProcessor] is not eligible for getting processed by all BeanPostProcessors (for example: not eligible for auto-proxying)
2020-03-30 09:42:20.321  INFO 7580 --- [main] trationDelegate$BeanPostProcessorChecker : Bean 'org.springframework.security.access.expression.method.DefaultMethodSecurityExpressionHandler@58472096' of type [org.springframework.security.access.expression.method.DefaultMethodSecurityExpressionHandler] is not eligible for getting processed by all BeanPostProcessors (for example: not eligible for auto-proxying)
2020-03-30 09:42:20.324  INFO 7580 --- [main] trationDelegate$BeanPostProcessorChecker : Bean 'org.springframework.security.config.annotation.method.configuration.GlobalMethodSecurityConfiguration' of type [org.springframework.security.config.annotation.method.configuration.GlobalMethodSecurityConfiguration] is not eligible for getting processed by all BeanPostProcessors (for example: not eligible for auto-proxying)
2020-03-30 09:42:20.326  INFO 7580 --- [main] trationDelegate$BeanPostProcessorChecker : Bean 'methodSecurityMetadataSource' of type [org.springframework.security.access.method.DelegatingMethodSecurityMetadataSource] is not eligible for getting processed by all BeanPostProcessors (for example: not eligible for auto-proxying)
2020-03-30 09:42:20.490  INFO 7580 --- [main] o.s.b.w.embedded.tomcat.TomcatWebServer  : Tomcat initialized with port(s): 8080 (http)
2020-03-30 09:42:20.498  INFO 7580 --- [main] o.apache.catalina.core.StandardService   : Starting service [Tomcat]
2020-03-30 09:42:20.498  INFO 7580 --- [main] org.apache.catalina.core.StandardEngine  : Starting Servlet engine: [Apache Tomcat/9.0.31]
2020-03-30 09:42:20.570  INFO 7580 --- [main] o.a.c.c.C.[Tomcat].[localhost].[/api]    : Initializing Spring embedded WebApplicationContext
2020-03-30 09:42:20.570  INFO 7580 --- [main] o.s.web.context.ContextLoader            : Root WebApplicationContext: initialization completed in 1367 ms
2020-03-30 09:42:20.893  INFO 7580 --- [main] pertySourcedRequestMappingHandlerMapping : Mapped URL path [/v2/api-docs] onto method [springfox.documentation.swagger2.web.Swagger2Controller#getDocumentation(String, HttpServletRequest)]
2020-03-30 09:42:21.003  INFO 7580 --- [main] o.s.s.web.DefaultSecurityFilterChain     : Creating filter chain: any request, [org.springframework.security.web.context.request.async.WebAsyncManagerIntegrationFilter@11b5f4e2, org.springframework.security.web.context.SecurityContextPersistenceFilter@11ede87f, org.springframework.security.web.header.HeaderWriterFilter@599a9cb2, org.springframework.security.web.authentication.logout.LogoutFilter@1a7cb3a4, org.springframework.security.web.authentication.www.BasicAuthenticationFilter@616a06e3, org.springframework.security.web.savedrequest.RequestCacheAwareFilter@44e4cb76, org.springframework.security.web.servletapi.SecurityContextHolderAwareRequestFilter@2dd1086, org.springframework.security.web.authentication.AnonymousAuthenticationFilter@6bcae9, org.springframework.security.web.session.SessionManagementFilter@7418d76e, org.springframework.security.web.access.ExceptionTranslationFilter@7a83ccd2, org.springframework.security.web.access.intercept.FilterSecurityInterceptor@662be9f7]
2020-03-30 09:42:21.056  INFO 7580 --- [main] o.s.s.concurrent.ThreadPoolTaskExecutor  : Initializing ExecutorService 'applicationTaskExecutor'
2020-03-30 09:42:21.169  INFO 7580 --- [main] d.s.w.p.DocumentationPluginsBootstrapper : Context refreshed
2020-03-30 09:42:21.179  INFO 7580 --- [main] d.s.w.p.DocumentationPluginsBootstrapper : Found 1 custom documentation plugin(s)
2020-03-30 09:42:21.207  INFO 7580 --- [main] s.d.s.w.s.ApiListingReferenceScanner     : Scanning for api listing references
2020-03-30 09:42:21.453  INFO 7580 --- [main] o.s.b.w.embedded.tomcat.TomcatWebServer  : Tomcat started on port(s): 8080 (http) with context path '/api'
2020-03-30 09:42:21.456  INFO 7580 --- [main] c.s.javadocjuveniles.Application         : Started Application in 2.558 seconds (JVM running for 3.159)
2020-03-30 09:42:32.038  INFO 7580 --- [http-nio-8080-exec-1] o.a.c.c.C.[Tomcat].[localhost].[/api]    : Initializing Spring DispatcherServlet 'dispatcherServlet'
2020-03-30 09:42:32.039  INFO 7580 --- [http-nio-8080-exec-1] o.s.web.servlet.DispatcherServlet        : Initializing Servlet 'dispatcherServlet'
2020-03-30 09:42:32.045  INFO 7580 --- [http-nio-8080-exec-1] o.s.web.servlet.DispatcherServlet        : Completed initialization in 6 ms
2020-03-30 10:12:13.182  INFO 2940 --- [main] c.s.javadocjuveniles.Application         : Starting Application on WKS11918 with PID 2940 (C:\_development\switchfully\javadoc-juveniles\switchfully-DigiBooky\jar\target\classes started by Adrien.Helin in C:\_development\switchfully\javadoc-juveniles\switchfully-DigiBooky)
2020-03-30 10:12:13.187  INFO 2940 --- [main] c.s.javadocjuveniles.Application         : No active profile set, falling back to default profiles: default
2020-03-30 10:12:14.030  INFO 2940 --- [main] trationDelegate$BeanPostProcessorChecker : Bean 'org.springframework.security.config.annotation.configuration.ObjectPostProcessorConfiguration' of type [org.springframework.security.config.annotation.configuration.ObjectPostProcessorConfiguration] is not eligible for getting processed by all BeanPostProcessors (for example: not eligible for auto-proxying)
2020-03-30 10:12:14.034  INFO 2940 --- [main] trationDelegate$BeanPostProcessorChecker : Bean 'objectPostProcessor' of type [org.springframework.security.config.annotation.configuration.AutowireBeanFactoryObjectPostProcessor] is not eligible for getting processed by all BeanPostProcessors (for example: not eligible for auto-proxying)
2020-03-30 10:12:14.036  INFO 2940 --- [main] trationDelegate$BeanPostProcessorChecker : Bean 'org.springframework.security.access.expression.method.DefaultMethodSecurityExpressionHandler@726aa968' of type [org.springframework.security.access.expression.method.DefaultMethodSecurityExpressionHandler] is not eligible for getting processed by all BeanPostProcessors (for example: not eligible for auto-proxying)
2020-03-30 10:12:14.038  INFO 2940 --- [main] trationDelegate$BeanPostProcessorChecker : Bean 'org.springframework.security.config.annotation.method.configuration.GlobalMethodSecurityConfiguration' of type [org.springframework.security.config.annotation.method.configuration.GlobalMethodSecurityConfiguration] is not eligible for getting processed by all BeanPostProcessors (for example: not eligible for auto-proxying)
2020-03-30 10:12:14.040  INFO 2940 --- [main] trationDelegate$BeanPostProcessorChecker : Bean 'methodSecurityMetadataSource' of type [org.springframework.security.access.method.DelegatingMethodSecurityMetadataSource] is not eligible for getting processed by all BeanPostProcessors (for example: not eligible for auto-proxying)
2020-03-30 10:12:14.199  INFO 2940 --- [main] o.s.b.w.embedded.tomcat.TomcatWebServer  : Tomcat initialized with port(s): 8080 (http)
2020-03-30 10:12:14.205  INFO 2940 --- [main] o.apache.catalina.core.StandardService   : Starting service [Tomcat]
2020-03-30 10:12:14.205  INFO 2940 --- [main] org.apache.catalina.core.StandardEngine  : Starting Servlet engine: [Apache Tomcat/9.0.31]
2020-03-30 10:12:14.276  INFO 2940 --- [main] o.a.c.c.C.[Tomcat].[localhost].[/api]    : Initializing Spring embedded WebApplicationContext
2020-03-30 10:12:14.276  INFO 2940 --- [main] o.s.web.context.ContextLoader            : Root WebApplicationContext: initialization completed in 1056 ms
2020-03-30 10:12:14.574  INFO 2940 --- [main] pertySourcedRequestMappingHandlerMapping : Mapped URL path [/v2/api-docs] onto method [springfox.documentation.swagger2.web.Swagger2Controller#getDocumentation(String, HttpServletRequest)]
2020-03-30 10:12:14.676  INFO 2940 --- [main] o.s.s.web.DefaultSecurityFilterChain     : Creating filter chain: any request, [org.springframework.security.web.context.request.async.WebAsyncManagerIntegrationFilter@f723cdb, org.springframework.security.web.context.SecurityContextPersistenceFilter@35cec305, org.springframework.security.web.header.HeaderWriterFilter@265a094b, org.springframework.security.web.authentication.logout.LogoutFilter@7fd4e815, org.springframework.security.web.authentication.www.BasicAuthenticationFilter@6ffd4c0d, org.springframework.security.web.savedrequest.RequestCacheAwareFilter@491cafec, org.springframework.security.web.servletapi.SecurityContextHolderAwareRequestFilter@446e7065, org.springframework.security.web.authentication.AnonymousAuthenticationFilter@4844930a, org.springframework.security.web.session.SessionManagementFilter@1d6a8386, org.springframework.security.web.access.ExceptionTranslationFilter@7cf63b9a, org.springframework.security.web.access.intercept.FilterSecurityInterceptor@7e3236d]
2020-03-30 10:12:14.725  INFO 2940 --- [main] o.s.s.concurrent.ThreadPoolTaskExecutor  : Initializing ExecutorService 'applicationTaskExecutor'
2020-03-30 10:12:14.829  INFO 2940 --- [main] d.s.w.p.DocumentationPluginsBootstrapper : Context refreshed
2020-03-30 10:12:14.836  INFO 2940 --- [main] d.s.w.p.DocumentationPluginsBootstrapper : Found 1 custom documentation plugin(s)
2020-03-30 10:12:14.860  INFO 2940 --- [main] s.d.s.w.s.ApiListingReferenceScanner     : Scanning for api listing references
2020-03-30 10:12:15.094  INFO 2940 --- [main] o.s.b.w.embedded.tomcat.TomcatWebServer  : Tomcat started on port(s): 8080 (http) with context path '/api'
2020-03-30 10:12:15.096  INFO 2940 --- [main] c.s.javadocjuveniles.Application         : Started Application in 2.176 seconds (JVM running for 2.673)
2020-03-30 10:12:19.905  INFO 2940 --- [http-nio-8080-exec-1] o.a.c.c.C.[Tomcat].[localhost].[/api]    : Initializing Spring DispatcherServlet 'dispatcherServlet'
2020-03-30 10:12:19.906  INFO 2940 --- [http-nio-8080-exec-1] o.s.web.servlet.DispatcherServlet        : Initializing Servlet 'dispatcherServlet'
2020-03-30 10:12:19.911  INFO 2940 --- [http-nio-8080-exec-1] o.s.web.servlet.DispatcherServlet        : Completed initialization in 5 ms
2020-03-30 10:13:50.542  INFO 17588 --- [main] c.s.javadocjuveniles.Application         : Starting Application on WKS11918 with PID 17588 (C:\_development\switchfully\javadoc-juveniles\switchfully-DigiBooky\jar\target\classes started by Adrien.Helin in C:\_development\switchfully\javadoc-juveniles\switchfully-DigiBooky)
2020-03-30 10:13:50.545  INFO 17588 --- [main] c.s.javadocjuveniles.Application         : No active profile set, falling back to default profiles: default
2020-03-30 10:13:51.381  INFO 17588 --- [main] trationDelegate$BeanPostProcessorChecker : Bean 'org.springframework.security.config.annotation.configuration.ObjectPostProcessorConfiguration' of type [org.springframework.security.config.annotation.configuration.ObjectPostProcessorConfiguration] is not eligible for getting processed by all BeanPostProcessors (for example: not eligible for auto-proxying)
2020-03-30 10:13:51.385  INFO 17588 --- [main] trationDelegate$BeanPostProcessorChecker : Bean 'objectPostProcessor' of type [org.springframework.security.config.annotation.configuration.AutowireBeanFactoryObjectPostProcessor] is not eligible for getting processed by all BeanPostProcessors (for example: not eligible for auto-proxying)
2020-03-30 10:13:51.386  INFO 17588 --- [main] trationDelegate$BeanPostProcessorChecker : Bean 'org.springframework.security.access.expression.method.DefaultMethodSecurityExpressionHandler@a451491' of type [org.springframework.security.access.expression.method.DefaultMethodSecurityExpressionHandler] is not eligible for getting processed by all BeanPostProcessors (for example: not eligible for auto-proxying)
2020-03-30 10:13:51.388  INFO 17588 --- [main] trationDelegate$BeanPostProcessorChecker : Bean 'org.springframework.security.config.annotation.method.configuration.GlobalMethodSecurityConfiguration' of type [org.springframework.security.config.annotation.method.configuration.GlobalMethodSecurityConfiguration] is not eligible for getting processed by all BeanPostProcessors (for example: not eligible for auto-proxying)
2020-03-30 10:13:51.391  INFO 17588 --- [main] trationDelegate$BeanPostProcessorChecker : Bean 'methodSecurityMetadataSource' of type [org.springframework.security.access.method.DelegatingMethodSecurityMetadataSource] is not eligible for getting processed by all BeanPostProcessors (for example: not eligible for auto-proxying)
2020-03-30 10:13:51.560  INFO 17588 --- [main] o.s.b.w.embedded.tomcat.TomcatWebServer  : Tomcat initialized with port(s): 8080 (http)
2020-03-30 10:13:51.566  INFO 17588 --- [main] o.apache.catalina.core.StandardService   : Starting service [Tomcat]
2020-03-30 10:13:51.566  INFO 17588 --- [main] org.apache.catalina.core.StandardEngine  : Starting Servlet engine: [Apache Tomcat/9.0.31]
2020-03-30 10:13:51.628  INFO 17588 --- [main] o.a.c.c.C.[Tomcat].[localhost].[/api]    : Initializing Spring embedded WebApplicationContext
2020-03-30 10:13:51.628  INFO 17588 --- [main] o.s.web.context.ContextLoader            : Root WebApplicationContext: initialization completed in 1052 ms
2020-03-30 10:13:51.934  INFO 17588 --- [main] pertySourcedRequestMappingHandlerMapping : Mapped URL path [/v2/api-docs] onto method [springfox.documentation.swagger2.web.Swagger2Controller#getDocumentation(String, HttpServletRequest)]
2020-03-30 10:13:52.037  INFO 17588 --- [main] o.s.s.web.DefaultSecurityFilterChain     : Creating filter chain: any request, [org.springframework.security.web.context.request.async.WebAsyncManagerIntegrationFilter@4fecf308, org.springframework.security.web.context.SecurityContextPersistenceFilter@1f84327b, org.springframework.security.web.header.HeaderWriterFilter@5460edd3, org.springframework.security.web.authentication.logout.LogoutFilter@6b8d54da, org.springframework.security.web.authentication.www.BasicAuthenticationFilter@126f8f24, org.springframework.security.web.savedrequest.RequestCacheAwareFilter@dbddbe3, org.springframework.security.web.servletapi.SecurityContextHolderAwareRequestFilter@4bf03fee, org.springframework.security.web.authentication.AnonymousAuthenticationFilter@6282b9f5, org.springframework.security.web.session.SessionManagementFilter@412ebe64, org.springframework.security.web.access.ExceptionTranslationFilter@40717ed, org.springframework.security.web.access.intercept.FilterSecurityInterceptor@20cdb152]
2020-03-30 10:13:52.084  INFO 17588 --- [main] o.s.s.concurrent.ThreadPoolTaskExecutor  : Initializing ExecutorService 'applicationTaskExecutor'
2020-03-30 10:13:52.192  INFO 17588 --- [main] d.s.w.p.DocumentationPluginsBootstrapper : Context refreshed
2020-03-30 10:13:52.204  INFO 17588 --- [main] d.s.w.p.DocumentationPluginsBootstrapper : Found 1 custom documentation plugin(s)
2020-03-30 10:13:52.229  INFO 17588 --- [main] s.d.s.w.s.ApiListingReferenceScanner     : Scanning for api listing references
2020-03-30 10:13:52.463  INFO 17588 --- [main] o.s.b.w.embedded.tomcat.TomcatWebServer  : Tomcat started on port(s): 8080 (http) with context path '/api'
2020-03-30 10:13:52.465  INFO 17588 --- [main] c.s.javadocjuveniles.Application         : Started Application in 2.181 seconds (JVM running for 2.671)
2020-03-30 10:13:54.718  INFO 17588 --- [http-nio-8080-exec-1] o.a.c.c.C.[Tomcat].[localhost].[/api]    : Initializing Spring DispatcherServlet 'dispatcherServlet'
2020-03-30 10:13:54.719  INFO 17588 --- [http-nio-8080-exec-1] o.s.web.servlet.DispatcherServlet        : Initializing Servlet 'dispatcherServlet'
2020-03-30 10:13:54.724  INFO 17588 --- [http-nio-8080-exec-1] o.s.web.servlet.DispatcherServlet        : Completed initialization in 5 ms
2020-03-30 10:14:38.460  INFO 15564 --- [main] c.s.javadocjuveniles.Application         : Starting Application on WKS11918 with PID 15564 (C:\_development\switchfully\javadoc-juveniles\switchfully-DigiBooky\jar\target\classes started by Adrien.Helin in C:\_development\switchfully\javadoc-juveniles\switchfully-DigiBooky)
2020-03-30 10:14:38.462  INFO 15564 --- [main] c.s.javadocjuveniles.Application         : No active profile set, falling back to default profiles: default
2020-03-30 10:14:39.288  INFO 15564 --- [main] trationDelegate$BeanPostProcessorChecker : Bean 'org.springframework.security.config.annotation.configuration.ObjectPostProcessorConfiguration' of type [org.springframework.security.config.annotation.configuration.ObjectPostProcessorConfiguration] is not eligible for getting processed by all BeanPostProcessors (for example: not eligible for auto-proxying)
2020-03-30 10:14:39.292  INFO 15564 --- [main] trationDelegate$BeanPostProcessorChecker : Bean 'objectPostProcessor' of type [org.springframework.security.config.annotation.configuration.AutowireBeanFactoryObjectPostProcessor] is not eligible for getting processed by all BeanPostProcessors (for example: not eligible for auto-proxying)
2020-03-30 10:14:39.294  INFO 15564 --- [main] trationDelegate$BeanPostProcessorChecker : Bean 'org.springframework.security.access.expression.method.DefaultMethodSecurityExpressionHandler@6c3659be' of type [org.springframework.security.access.expression.method.DefaultMethodSecurityExpressionHandler] is not eligible for getting processed by all BeanPostProcessors (for example: not eligible for auto-proxying)
2020-03-30 10:14:39.296  INFO 15564 --- [main] trationDelegate$BeanPostProcessorChecker : Bean 'org.springframework.security.config.annotation.method.configuration.GlobalMethodSecurityConfiguration' of type [org.springframework.security.config.annotation.method.configuration.GlobalMethodSecurityConfiguration] is not eligible for getting processed by all BeanPostProcessors (for example: not eligible for auto-proxying)
2020-03-30 10:14:39.298  INFO 15564 --- [main] trationDelegate$BeanPostProcessorChecker : Bean 'methodSecurityMetadataSource' of type [org.springframework.security.access.method.DelegatingMethodSecurityMetadataSource] is not eligible for getting processed by all BeanPostProcessors (for example: not eligible for auto-proxying)
2020-03-30 10:14:39.459  INFO 15564 --- [main] o.s.b.w.embedded.tomcat.TomcatWebServer  : Tomcat initialized with port(s): 8080 (http)
2020-03-30 10:14:39.465  INFO 15564 --- [main] o.apache.catalina.core.StandardService   : Starting service [Tomcat]
2020-03-30 10:14:39.465  INFO 15564 --- [main] org.apache.catalina.core.StandardEngine  : Starting Servlet engine: [Apache Tomcat/9.0.31]
2020-03-30 10:14:39.535  INFO 15564 --- [main] o.a.c.c.C.[Tomcat].[localhost].[/api]    : Initializing Spring embedded WebApplicationContext
2020-03-30 10:14:39.535  INFO 15564 --- [main] o.s.web.context.ContextLoader            : Root WebApplicationContext: initialization completed in 1038 ms
2020-03-30 10:14:39.843  INFO 15564 --- [main] pertySourcedRequestMappingHandlerMapping : Mapped URL path [/v2/api-docs] onto method [springfox.documentation.swagger2.web.Swagger2Controller#getDocumentation(String, HttpServletRequest)]
2020-03-30 10:14:39.950  INFO 15564 --- [main] o.s.s.web.DefaultSecurityFilterChain     : Creating filter chain: any request, [org.springframework.security.web.context.request.async.WebAsyncManagerIntegrationFilter@6a55594b, org.springframework.security.web.context.SecurityContextPersistenceFilter@9cfc77, org.springframework.security.web.header.HeaderWriterFilter@dbddbe3, org.springframework.security.web.authentication.logout.LogoutFilter@634ca3e7, org.springframework.security.web.authentication.www.BasicAuthenticationFilter@67688110, org.springframework.security.web.savedrequest.RequestCacheAwareFilter@601eb4af, org.springframework.security.web.servletapi.SecurityContextHolderAwareRequestFilter@78d23d6a, org.springframework.security.web.authentication.AnonymousAuthenticationFilter@632b305d, org.springframework.security.web.session.SessionManagementFilter@68af87ad, org.springframework.security.web.access.ExceptionTranslationFilter@1f84327b, org.springframework.security.web.access.intercept.FilterSecurityInterceptor@781aff8b]
2020-03-30 10:14:39.996  INFO 15564 --- [main] o.s.s.concurrent.ThreadPoolTaskExecutor  : Initializing ExecutorService 'applicationTaskExecutor'
2020-03-30 10:14:40.104  INFO 15564 --- [main] d.s.w.p.DocumentationPluginsBootstrapper : Context refreshed
2020-03-30 10:14:40.113  INFO 15564 --- [main] d.s.w.p.DocumentationPluginsBootstrapper : Found 1 custom documentation plugin(s)
2020-03-30 10:14:40.142  INFO 15564 --- [main] s.d.s.w.s.ApiListingReferenceScanner     : Scanning for api listing references
2020-03-30 10:14:40.374  INFO 15564 --- [main] o.s.b.w.embedded.tomcat.TomcatWebServer  : Tomcat started on port(s): 8080 (http) with context path '/api'
2020-03-30 10:14:40.377  INFO 15564 --- [main] c.s.javadocjuveniles.Application         : Started Application in 2.188 seconds (JVM running for 2.681)
2020-03-30 10:14:43.733  INFO 15564 --- [http-nio-8080-exec-1] o.a.c.c.C.[Tomcat].[localhost].[/api]    : Initializing Spring DispatcherServlet 'dispatcherServlet'
2020-03-30 10:14:43.733  INFO 15564 --- [http-nio-8080-exec-1] o.s.web.servlet.DispatcherServlet        : Initializing Servlet 'dispatcherServlet'
2020-03-30 10:14:43.738  INFO 15564 --- [http-nio-8080-exec-1] o.s.web.servlet.DispatcherServlet        : Completed initialization in 4 ms
2020-03-30 10:17:04.505  INFO 15564 --- [http-nio-8080-exec-9] c.s.j.api.endpoints.MemberController     : Creating a new librarian
2020-03-30 10:17:49.539 ERROR 15564 --- [http-nio-8080-exec-6] o.a.c.c.C.[.[.[.[dispatcherServlet]      : Servlet.service() for servlet [dispatcherServlet] in context with path [/api] threw exception [Request processing failed; nested exception is java.lang.NullPointerException] with root cause

java.lang.NullPointerException: null
	at java.base/java.util.regex.Matcher.getTextLength(Matcher.java:1770) ~[na:na]
	at java.base/java.util.regex.Matcher.reset(Matcher.java:416) ~[na:na]
	at java.base/java.util.regex.Matcher.<init>(Matcher.java:253) ~[na:na]
	at java.base/java.util.regex.Pattern.matcher(Pattern.java:1134) ~[na:na]
	at com.switchfully.javadocjuveniles.api.security.validation.Validation.isValidInss(Validation.java:23) ~[classes/:na]
	at com.switchfully.javadocjuveniles.api.endpoints.MemberController.validateNewMember(MemberController.java:60) ~[classes/:na]
	at com.switchfully.javadocjuveniles.api.endpoints.MemberController.register(MemberController.java:43) ~[classes/:na]
	at java.base/jdk.internal.reflect.NativeMethodAccessorImpl.invoke0(Native Method) ~[na:na]
	at java.base/jdk.internal.reflect.NativeMethodAccessorImpl.invoke(NativeMethodAccessorImpl.java:62) ~[na:na]
	at java.base/jdk.internal.reflect.DelegatingMethodAccessorImpl.invoke(DelegatingMethodAccessorImpl.java:43) ~[na:na]
	at java.base/java.lang.reflect.Method.invoke(Method.java:567) ~[na:na]
	at org.springframework.web.method.support.InvocableHandlerMethod.doInvoke(InvocableHandlerMethod.java:190) ~[spring-web-5.2.4.RELEASE.jar:5.2.4.RELEASE]
	at org.springframework.web.method.support.InvocableHandlerMethod.invokeForRequest(InvocableHandlerMethod.java:138) ~[spring-web-5.2.4.RELEASE.jar:5.2.4.RELEASE]
	at org.springframework.web.servlet.mvc.method.annotation.ServletInvocableHandlerMethod.invokeAndHandle(ServletInvocableHandlerMethod.java:106) ~[spring-webmvc-5.2.4.RELEASE.jar:5.2.4.RELEASE]
	at org.springframework.web.servlet.mvc.method.annotation.RequestMappingHandlerAdapter.invokeHandlerMethod(RequestMappingHandlerAdapter.java:879) ~[spring-webmvc-5.2.4.RELEASE.jar:5.2.4.RELEASE]
	at org.springframework.web.servlet.mvc.method.annotation.RequestMappingHandlerAdapter.handleInternal(RequestMappingHandlerAdapter.java:793) ~[spring-webmvc-5.2.4.RELEASE.jar:5.2.4.RELEASE]
	at org.springframework.web.servlet.mvc.method.AbstractHandlerMethodAdapter.handle(AbstractHandlerMethodAdapter.java:87) ~[spring-webmvc-5.2.4.RELEASE.jar:5.2.4.RELEASE]
	at org.springframework.web.servlet.DispatcherServlet.doDispatch(DispatcherServlet.java:1040) ~[spring-webmvc-5.2.4.RELEASE.jar:5.2.4.RELEASE]
	at org.springframework.web.servlet.DispatcherServlet.doService(DispatcherServlet.java:943) ~[spring-webmvc-5.2.4.RELEASE.jar:5.2.4.RELEASE]
	at org.springframework.web.servlet.FrameworkServlet.processRequest(FrameworkServlet.java:1006) ~[spring-webmvc-5.2.4.RELEASE.jar:5.2.4.RELEASE]
	at org.springframework.web.servlet.FrameworkServlet.doPost(FrameworkServlet.java:909) ~[spring-webmvc-5.2.4.RELEASE.jar:5.2.4.RELEASE]
	at javax.servlet.http.HttpServlet.service(HttpServlet.java:660) ~[tomcat-embed-core-9.0.31.jar:9.0.31]
	at org.springframework.web.servlet.FrameworkServlet.service(FrameworkServlet.java:883) ~[spring-webmvc-5.2.4.RELEASE.jar:5.2.4.RELEASE]
	at javax.servlet.http.HttpServlet.service(HttpServlet.java:741) ~[tomcat-embed-core-9.0.31.jar:9.0.31]
	at org.apache.catalina.core.ApplicationFilterChain.internalDoFilter(ApplicationFilterChain.java:231) ~[tomcat-embed-core-9.0.31.jar:9.0.31]
	at org.apache.catalina.core.ApplicationFilterChain.doFilter(ApplicationFilterChain.java:166) ~[tomcat-embed-core-9.0.31.jar:9.0.31]
	at org.apache.tomcat.websocket.server.WsFilter.doFilter(WsFilter.java:53) ~[tomcat-embed-websocket-9.0.31.jar:9.0.31]
	at org.apache.catalina.core.ApplicationFilterChain.internalDoFilter(ApplicationFilterChain.java:193) ~[tomcat-embed-core-9.0.31.jar:9.0.31]
	at org.apache.catalina.core.ApplicationFilterChain.doFilter(ApplicationFilterChain.java:166) ~[tomcat-embed-core-9.0.31.jar:9.0.31]
	at org.springframework.security.web.FilterChainProxy$VirtualFilterChain.doFilter(FilterChainProxy.java:320) ~[spring-security-web-5.2.2.RELEASE.jar:5.2.2.RELEASE]
	at org.springframework.security.web.access.intercept.FilterSecurityInterceptor.invoke(FilterSecurityInterceptor.java:126) ~[spring-security-web-5.2.2.RELEASE.jar:5.2.2.RELEASE]
	at org.springframework.security.web.access.intercept.FilterSecurityInterceptor.doFilter(FilterSecurityInterceptor.java:90) ~[spring-security-web-5.2.2.RELEASE.jar:5.2.2.RELEASE]
	at org.springframework.security.web.FilterChainProxy$VirtualFilterChain.doFilter(FilterChainProxy.java:334) ~[spring-security-web-5.2.2.RELEASE.jar:5.2.2.RELEASE]
	at org.springframework.security.web.access.ExceptionTranslationFilter.doFilter(ExceptionTranslationFilter.java:118) ~[spring-security-web-5.2.2.RELEASE.jar:5.2.2.RELEASE]
	at org.springframework.security.web.FilterChainProxy$VirtualFilterChain.doFilter(FilterChainProxy.java:334) ~[spring-security-web-5.2.2.RELEASE.jar:5.2.2.RELEASE]
	at org.springframework.security.web.session.SessionManagementFilter.doFilter(SessionManagementFilter.java:137) ~[spring-security-web-5.2.2.RELEASE.jar:5.2.2.RELEASE]
	at org.springframework.security.web.FilterChainProxy$VirtualFilterChain.doFilter(FilterChainProxy.java:334) ~[spring-security-web-5.2.2.RELEASE.jar:5.2.2.RELEASE]
	at org.springframework.security.web.authentication.AnonymousAuthenticationFilter.doFilter(AnonymousAuthenticationFilter.java:111) ~[spring-security-web-5.2.2.RELEASE.jar:5.2.2.RELEASE]
	at org.springframework.security.web.FilterChainProxy$VirtualFilterChain.doFilter(FilterChainProxy.java:334) ~[spring-security-web-5.2.2.RELEASE.jar:5.2.2.RELEASE]
	at org.springframework.security.web.servletapi.SecurityContextHolderAwareRequestFilter.doFilter(SecurityContextHolderAwareRequestFilter.java:158) ~[spring-security-web-5.2.2.RELEASE.jar:5.2.2.RELEASE]
	at org.springframework.security.web.FilterChainProxy$VirtualFilterChain.doFilter(FilterChainProxy.java:334) ~[spring-security-web-5.2.2.RELEASE.jar:5.2.2.RELEASE]
	at org.springframework.security.web.savedrequest.RequestCacheAwareFilter.doFilter(RequestCacheAwareFilter.java:63) ~[spring-security-web-5.2.2.RELEASE.jar:5.2.2.RELEASE]
	at org.springframework.security.web.FilterChainProxy$VirtualFilterChain.doFilter(FilterChainProxy.java:334) ~[spring-security-web-5.2.2.RELEASE.jar:5.2.2.RELEASE]
	at org.springframework.security.web.authentication.www.BasicAuthenticationFilter.doFilterInternal(BasicAuthenticationFilter.java:155) ~[spring-security-web-5.2.2.RELEASE.jar:5.2.2.RELEASE]
	at org.springframework.web.filter.OncePerRequestFilter.doFilter(OncePerRequestFilter.java:119) ~[spring-web-5.2.4.RELEASE.jar:5.2.4.RELEASE]
	at org.springframework.security.web.FilterChainProxy$VirtualFilterChain.doFilter(FilterChainProxy.java:334) ~[spring-security-web-5.2.2.RELEASE.jar:5.2.2.RELEASE]
	at org.springframework.security.web.authentication.logout.LogoutFilter.doFilter(LogoutFilter.java:116) ~[spring-security-web-5.2.2.RELEASE.jar:5.2.2.RELEASE]
	at org.springframework.security.web.FilterChainProxy$VirtualFilterChain.doFilter(FilterChainProxy.java:334) ~[spring-security-web-5.2.2.RELEASE.jar:5.2.2.RELEASE]
	at org.springframework.security.web.header.HeaderWriterFilter.doHeadersAfter(HeaderWriterFilter.java:92) ~[spring-security-web-5.2.2.RELEASE.jar:5.2.2.RELEASE]
	at org.springframework.security.web.header.HeaderWriterFilter.doFilterInternal(HeaderWriterFilter.java:77) ~[spring-security-web-5.2.2.RELEASE.jar:5.2.2.RELEASE]
	at org.springframework.web.filter.OncePerRequestFilter.doFilter(OncePerRequestFilter.java:119) ~[spring-web-5.2.4.RELEASE.jar:5.2.4.RELEASE]
	at org.springframework.security.web.FilterChainProxy$VirtualFilterChain.doFilter(FilterChainProxy.java:334) ~[spring-security-web-5.2.2.RELEASE.jar:5.2.2.RELEASE]
	at org.springframework.security.web.context.SecurityContextPersistenceFilter.doFilter(SecurityContextPersistenceFilter.java:105) ~[spring-security-web-5.2.2.RELEASE.jar:5.2.2.RELEASE]
	at org.springframework.security.web.FilterChainProxy$VirtualFilterChain.doFilter(FilterChainProxy.java:334) ~[spring-security-web-5.2.2.RELEASE.jar:5.2.2.RELEASE]
	at org.springframework.security.web.context.request.async.WebAsyncManagerIntegrationFilter.doFilterInternal(WebAsyncManagerIntegrationFilter.java:56) ~[spring-security-web-5.2.2.RELEASE.jar:5.2.2.RELEASE]
	at org.springframework.web.filter.OncePerRequestFilter.doFilter(OncePerRequestFilter.java:119) ~[spring-web-5.2.4.RELEASE.jar:5.2.4.RELEASE]
	at org.springframework.security.web.FilterChainProxy$VirtualFilterChain.doFilter(FilterChainProxy.java:334) ~[spring-security-web-5.2.2.RELEASE.jar:5.2.2.RELEASE]
	at org.springframework.security.web.FilterChainProxy.doFilterInternal(FilterChainProxy.java:215) ~[spring-security-web-5.2.2.RELEASE.jar:5.2.2.RELEASE]
	at org.springframework.security.web.FilterChainProxy.doFilter(FilterChainProxy.java:178) ~[spring-security-web-5.2.2.RELEASE.jar:5.2.2.RELEASE]
	at org.springframework.web.filter.DelegatingFilterProxy.invokeDelegate(DelegatingFilterProxy.java:358) ~[spring-web-5.2.4.RELEASE.jar:5.2.4.RELEASE]
	at org.springframework.web.filter.DelegatingFilterProxy.doFilter(DelegatingFilterProxy.java:271) ~[spring-web-5.2.4.RELEASE.jar:5.2.4.RELEASE]
	at org.apache.catalina.core.ApplicationFilterChain.internalDoFilter(ApplicationFilterChain.java:193) ~[tomcat-embed-core-9.0.31.jar:9.0.31]
	at org.apache.catalina.core.ApplicationFilterChain.doFilter(ApplicationFilterChain.java:166) ~[tomcat-embed-core-9.0.31.jar:9.0.31]
	at org.springframework.web.filter.RequestContextFilter.doFilterInternal(RequestContextFilter.java:100) ~[spring-web-5.2.4.RELEASE.jar:5.2.4.RELEASE]
	at org.springframework.web.filter.OncePerRequestFilter.doFilter(OncePerRequestFilter.java:119) ~[spring-web-5.2.4.RELEASE.jar:5.2.4.RELEASE]
	at org.apache.catalina.core.ApplicationFilterChain.internalDoFilter(ApplicationFilterChain.java:193) ~[tomcat-embed-core-9.0.31.jar:9.0.31]
	at org.apache.catalina.core.ApplicationFilterChain.doFilter(ApplicationFilterChain.java:166) ~[tomcat-embed-core-9.0.31.jar:9.0.31]
	at org.springframework.web.filter.FormContentFilter.doFilterInternal(FormContentFilter.java:93) ~[spring-web-5.2.4.RELEASE.jar:5.2.4.RELEASE]
	at org.springframework.web.filter.OncePerRequestFilter.doFilter(OncePerRequestFilter.java:119) ~[spring-web-5.2.4.RELEASE.jar:5.2.4.RELEASE]
	at org.apache.catalina.core.ApplicationFilterChain.internalDoFilter(ApplicationFilterChain.java:193) ~[tomcat-embed-core-9.0.31.jar:9.0.31]
	at org.apache.catalina.core.ApplicationFilterChain.doFilter(ApplicationFilterChain.java:166) ~[tomcat-embed-core-9.0.31.jar:9.0.31]
	at org.springframework.web.filter.CharacterEncodingFilter.doFilterInternal(CharacterEncodingFilter.java:201) ~[spring-web-5.2.4.RELEASE.jar:5.2.4.RELEASE]
	at org.springframework.web.filter.OncePerRequestFilter.doFilter(OncePerRequestFilter.java:119) ~[spring-web-5.2.4.RELEASE.jar:5.2.4.RELEASE]
	at org.apache.catalina.core.ApplicationFilterChain.internalDoFilter(ApplicationFilterChain.java:193) ~[tomcat-embed-core-9.0.31.jar:9.0.31]
	at org.apache.catalina.core.ApplicationFilterChain.doFilter(ApplicationFilterChain.java:166) ~[tomcat-embed-core-9.0.31.jar:9.0.31]
	at org.apache.catalina.core.StandardWrapperValve.invoke(StandardWrapperValve.java:202) ~[tomcat-embed-core-9.0.31.jar:9.0.31]
	at org.apache.catalina.core.StandardContextValve.invoke(StandardContextValve.java:96) ~[tomcat-embed-core-9.0.31.jar:9.0.31]
	at org.apache.catalina.authenticator.AuthenticatorBase.invoke(AuthenticatorBase.java:541) ~[tomcat-embed-core-9.0.31.jar:9.0.31]
	at org.apache.catalina.core.StandardHostValve.invoke(StandardHostValve.java:139) ~[tomcat-embed-core-9.0.31.jar:9.0.31]
	at org.apache.catalina.valves.ErrorReportValve.invoke(ErrorReportValve.java:92) ~[tomcat-embed-core-9.0.31.jar:9.0.31]
	at org.apache.catalina.core.StandardEngineValve.invoke(StandardEngineValve.java:74) ~[tomcat-embed-core-9.0.31.jar:9.0.31]
	at org.apache.catalina.connector.CoyoteAdapter.service(CoyoteAdapter.java:343) ~[tomcat-embed-core-9.0.31.jar:9.0.31]
	at org.apache.coyote.http11.Http11Processor.service(Http11Processor.java:367) ~[tomcat-embed-core-9.0.31.jar:9.0.31]
	at org.apache.coyote.AbstractProcessorLight.process(AbstractProcessorLight.java:65) ~[tomcat-embed-core-9.0.31.jar:9.0.31]
	at org.apache.coyote.AbstractProtocol$ConnectionHandler.process(AbstractProtocol.java:868) ~[tomcat-embed-core-9.0.31.jar:9.0.31]
	at org.apache.tomcat.util.net.NioEndpoint$SocketProcessor.doRun(NioEndpoint.java:1639) ~[tomcat-embed-core-9.0.31.jar:9.0.31]
	at org.apache.tomcat.util.net.SocketProcessorBase.run(SocketProcessorBase.java:49) ~[tomcat-embed-core-9.0.31.jar:9.0.31]
	at java.base/java.util.concurrent.ThreadPoolExecutor.runWorker(ThreadPoolExecutor.java:1128) ~[na:na]
	at java.base/java.util.concurrent.ThreadPoolExecutor$Worker.run(ThreadPoolExecutor.java:628) ~[na:na]
	at org.apache.tomcat.util.threads.TaskThread$WrappingRunnable.run(TaskThread.java:61) ~[tomcat-embed-core-9.0.31.jar:9.0.31]
	at java.base/java.lang.Thread.run(Thread.java:830) ~[na:na]

2020-03-30 10:21:13.753  INFO 17496 --- [main] c.s.javadocjuveniles.Application         : Starting Application on WKS11918 with PID 17496 (C:\_development\switchfully\javadoc-juveniles\switchfully-DigiBooky\jar\target\classes started by Adrien.Helin in C:\_development\switchfully\javadoc-juveniles\switchfully-DigiBooky)
2020-03-30 10:21:13.759  INFO 17496 --- [main] c.s.javadocjuveniles.Application         : No active profile set, falling back to default profiles: default
2020-03-30 10:21:14.663  INFO 17496 --- [main] trationDelegate$BeanPostProcessorChecker : Bean 'org.springframework.security.config.annotation.configuration.ObjectPostProcessorConfiguration' of type [org.springframework.security.config.annotation.configuration.ObjectPostProcessorConfiguration] is not eligible for getting processed by all BeanPostProcessors (for example: not eligible for auto-proxying)
2020-03-30 10:21:14.667  INFO 17496 --- [main] trationDelegate$BeanPostProcessorChecker : Bean 'objectPostProcessor' of type [org.springframework.security.config.annotation.configuration.AutowireBeanFactoryObjectPostProcessor] is not eligible for getting processed by all BeanPostProcessors (for example: not eligible for auto-proxying)
2020-03-30 10:21:14.670  INFO 17496 --- [main] trationDelegate$BeanPostProcessorChecker : Bean 'org.springframework.security.access.expression.method.DefaultMethodSecurityExpressionHandler@5b5e7036' of type [org.springframework.security.access.expression.method.DefaultMethodSecurityExpressionHandler] is not eligible for getting processed by all BeanPostProcessors (for example: not eligible for auto-proxying)
2020-03-30 10:21:14.672  INFO 17496 --- [main] trationDelegate$BeanPostProcessorChecker : Bean 'org.springframework.security.config.annotation.method.configuration.GlobalMethodSecurityConfiguration' of type [org.springframework.security.config.annotation.method.configuration.GlobalMethodSecurityConfiguration] is not eligible for getting processed by all BeanPostProcessors (for example: not eligible for auto-proxying)
2020-03-30 10:21:14.675  INFO 17496 --- [main] trationDelegate$BeanPostProcessorChecker : Bean 'methodSecurityMetadataSource' of type [org.springframework.security.access.method.DelegatingMethodSecurityMetadataSource] is not eligible for getting processed by all BeanPostProcessors (for example: not eligible for auto-proxying)
2020-03-30 10:21:14.844  INFO 17496 --- [main] o.s.b.w.embedded.tomcat.TomcatWebServer  : Tomcat initialized with port(s): 8080 (http)
2020-03-30 10:21:14.849  INFO 17496 --- [main] o.apache.catalina.core.StandardService   : Starting service [Tomcat]
2020-03-30 10:21:14.850  INFO 17496 --- [main] org.apache.catalina.core.StandardEngine  : Starting Servlet engine: [Apache Tomcat/9.0.31]
2020-03-30 10:21:14.909  INFO 17496 --- [main] o.a.c.c.C.[Tomcat].[localhost].[/api]    : Initializing Spring embedded WebApplicationContext
2020-03-30 10:21:14.909  INFO 17496 --- [main] o.s.web.context.ContextLoader            : Root WebApplicationContext: initialization completed in 1113 ms
2020-03-30 10:21:15.216  INFO 17496 --- [main] pertySourcedRequestMappingHandlerMapping : Mapped URL path [/v2/api-docs] onto method [springfox.documentation.swagger2.web.Swagger2Controller#getDocumentation(String, HttpServletRequest)]
2020-03-30 10:21:15.328  INFO 17496 --- [main] o.s.s.web.DefaultSecurityFilterChain     : Creating filter chain: any request, [org.springframework.security.web.context.request.async.WebAsyncManagerIntegrationFilter@6d293993, org.springframework.security.web.context.SecurityContextPersistenceFilter@4bf03fee, org.springframework.security.web.header.HeaderWriterFilter@153cb763, org.springframework.security.web.authentication.logout.LogoutFilter@5234b61a, org.springframework.security.web.authentication.www.BasicAuthenticationFilter@58278366, org.springframework.security.web.savedrequest.RequestCacheAwareFilter@44f0ff2b, org.springframework.security.web.servletapi.SecurityContextHolderAwareRequestFilter@51cab489, org.springframework.security.web.authentication.AnonymousAuthenticationFilter@475f5672, org.springframework.security.web.session.SessionManagementFilter@256a0d95, org.springframework.security.web.access.ExceptionTranslationFilter@3d3a1903, org.springframework.security.web.access.intercept.FilterSecurityInterceptor@5fffb692]
2020-03-30 10:21:15.378  INFO 17496 --- [main] o.s.s.concurrent.ThreadPoolTaskExecutor  : Initializing ExecutorService 'applicationTaskExecutor'
2020-03-30 10:21:15.488  INFO 17496 --- [main] d.s.w.p.DocumentationPluginsBootstrapper : Context refreshed
2020-03-30 10:21:15.496  INFO 17496 --- [main] d.s.w.p.DocumentationPluginsBootstrapper : Found 1 custom documentation plugin(s)
2020-03-30 10:21:15.523  INFO 17496 --- [main] s.d.s.w.s.ApiListingReferenceScanner     : Scanning for api listing references
2020-03-30 10:21:15.759  INFO 17496 --- [main] o.s.b.w.embedded.tomcat.TomcatWebServer  : Tomcat started on port(s): 8080 (http) with context path '/api'
2020-03-30 10:21:15.761  INFO 17496 --- [main] c.s.javadocjuveniles.Application         : Started Application in 2.279 seconds (JVM running for 2.774)
2020-03-30 10:21:19.965  INFO 17496 --- [http-nio-8080-exec-1] o.a.c.c.C.[Tomcat].[localhost].[/api]    : Initializing Spring DispatcherServlet 'dispatcherServlet'
2020-03-30 10:21:19.966  INFO 17496 --- [http-nio-8080-exec-1] o.s.web.servlet.DispatcherServlet        : Initializing Servlet 'dispatcherServlet'
2020-03-30 10:21:19.972  INFO 17496 --- [http-nio-8080-exec-1] o.s.web.servlet.DispatcherServlet        : Completed initialization in 6 ms
2020-03-30 10:22:09.444  INFO 17496 --- [http-nio-8080-exec-4] c.s.j.api.endpoints.MemberController     : Creating a new librarian
